Analysis & Synthesis report for Processador
Wed Jun 15 17:06:10 2022
Quartus II Version 9.1 Build 350 03/24/2010 Service Pack 2 SJ Web Edition


---------------------
; Table of Contents ;
---------------------
  1. Legal Notice
  2. Analysis & Synthesis Summary
  3. Analysis & Synthesis Settings
  4. Parallel Compilation
  5. Source assignments for Mem_Rom:inst|altsyncram:altsyncram_component|altsyncram_q671:auto_generated
  6. Parameter Settings for User Entity Instance: Mem_Rom:inst
  7. Parameter Settings for User Entity Instance: Mem_Rom:inst|altsyncram:altsyncram_component
  8. Parameter Settings for User Entity Instance: BUSMUX:inst10
  9. Parameter Settings for User Entity Instance: port_io:inst4
 10. Parameter Settings for User Entity Instance: port_io:PortA
 11. altsyncram Parameter Settings by Entity Instance
 12. Analysis & Synthesis Messages



----------------
; Legal Notice ;
----------------
Copyright (C) 1991-2010 Altera Corporation
Your use of Altera Corporation's design tools, logic functions 
and other software and tools, and its AMPP partner logic 
functions, and any output files from any of the foregoing 
(including device programming or simulation files), and any 
associated documentation or information are expressly subject 
to the terms and conditions of the Altera Program License 
Subscription Agreement, Altera MegaCore Function License 
Agreement, or other applicable license agreement, including, 
without limitation, that your use is for the sole purpose of 
programming logic devices manufactured by Altera and sold by 
Altera or its authorized distributors.  Please refer to the 
applicable agreement for further details.



+-----------------------------------------------------------------------------------+
; Analysis & Synthesis Summary                                                      ;
+------------------------------------+----------------------------------------------+
; Analysis & Synthesis Status        ; Failed - Wed Jun 15 17:06:10 2022            ;
; Quartus II Version                 ; 9.1 Build 350 03/24/2010 SP 2 SJ Web Edition ;
; Revision Name                      ; Processador                                  ;
; Top-level Entity Name              ; Processador                                  ;
; Family                             ; Cyclone II                                   ;
; Total logic elements               ; N/A until Partition Merge                    ;
;     Total combinational functions  ; N/A until Partition Merge                    ;
;     Dedicated logic registers      ; N/A until Partition Merge                    ;
; Total registers                    ; N/A until Partition Merge                    ;
; Total pins                         ; N/A until Partition Merge                    ;
; Total virtual pins                 ; N/A until Partition Merge                    ;
; Total memory bits                  ; N/A until Partition Merge                    ;
; Embedded Multiplier 9-bit elements ; N/A until Partition Merge                    ;
; Total PLLs                         ; N/A until Partition Merge                    ;
+------------------------------------+----------------------------------------------+


+----------------------------------------------------------------------------------------------------------------------+
; Analysis & Synthesis Settings                                                                                        ;
+----------------------------------------------------------------------------+--------------------+--------------------+
; Option                                                                     ; Setting            ; Default Value      ;
+----------------------------------------------------------------------------+--------------------+--------------------+
; Device                                                                     ; EP2C35F672C6       ;                    ;
; Top-level entity name                                                      ; Processador        ; Processador        ;
; Family name                                                                ; Cyclone II         ; Stratix II         ;
; Use Generated Physical Constraints File                                    ; Off                ;                    ;
; Use smart compilation                                                      ; Off                ; Off                ;
; Enable parallel Assembler and TimeQuest Timing Analyzer during compilation ; On                 ; On                 ;
; Enable compact report table                                                ; Off                ; Off                ;
; Restructure Multiplexers                                                   ; Auto               ; Auto               ;
; Create Debugging Nodes for IP Cores                                        ; Off                ; Off                ;
; Preserve fewer node names                                                  ; On                 ; On                 ;
; Disable OpenCore Plus hardware evaluation                                  ; Off                ; Off                ;
; Verilog Version                                                            ; Verilog_2001       ; Verilog_2001       ;
; VHDL Version                                                               ; VHDL_1993          ; VHDL_1993          ;
; State Machine Processing                                                   ; Auto               ; Auto               ;
; Safe State Machine                                                         ; Off                ; Off                ;
; Extract Verilog State Machines                                             ; On                 ; On                 ;
; Extract VHDL State Machines                                                ; On                 ; On                 ;
; Ignore Verilog initial constructs                                          ; Off                ; Off                ;
; Iteration limit for constant Verilog loops                                 ; 5000               ; 5000               ;
; Iteration limit for non-constant Verilog loops                             ; 250                ; 250                ;
; Add Pass-Through Logic to Inferred RAMs                                    ; On                 ; On                 ;
; Parallel Synthesis                                                         ; On                 ; On                 ;
; DSP Block Balancing                                                        ; Auto               ; Auto               ;
; NOT Gate Push-Back                                                         ; On                 ; On                 ;
; Power-Up Don't Care                                                        ; On                 ; On                 ;
; Remove Redundant Logic Cells                                               ; Off                ; Off                ;
; Remove Duplicate Registers                                                 ; On                 ; On                 ;
; Ignore CARRY Buffers                                                       ; Off                ; Off                ;
; Ignore CASCADE Buffers                                                     ; Off                ; Off                ;
; Ignore GLOBAL Buffers                                                      ; Off                ; Off                ;
; Ignore ROW GLOBAL Buffers                                                  ; Off                ; Off                ;
; Ignore LCELL Buffers                                                       ; Off                ; Off                ;
; Ignore SOFT Buffers                                                        ; On                 ; On                 ;
; Limit AHDL Integers to 32 Bits                                             ; Off                ; Off                ;
; Optimization Technique                                                     ; Balanced           ; Balanced           ;
; Carry Chain Length                                                         ; 70                 ; 70                 ;
; Auto Carry Chains                                                          ; On                 ; On                 ;
; Auto Open-Drain Pins                                                       ; On                 ; On                 ;
; Perform WYSIWYG Primitive Resynthesis                                      ; Off                ; Off                ;
; Auto ROM Replacement                                                       ; On                 ; On                 ;
; Auto RAM Replacement                                                       ; On                 ; On                 ;
; Auto Shift Register Replacement                                            ; Auto               ; Auto               ;
; Auto Clock Enable Replacement                                              ; On                 ; On                 ;
; Strict RAM Replacement                                                     ; Off                ; Off                ;
; Allow Synchronous Control Signals                                          ; On                 ; On                 ;
; Force Use of Synchronous Clear Signals                                     ; Off                ; Off                ;
; Auto RAM to Logic Cell Conversion                                          ; Off                ; Off                ;
; Auto Resource Sharing                                                      ; Off                ; Off                ;
; Allow Any RAM Size For Recognition                                         ; Off                ; Off                ;
; Allow Any ROM Size For Recognition                                         ; Off                ; Off                ;
; Allow Any Shift Register Size For Recognition                              ; Off                ; Off                ;
; Use LogicLock Constraints during Resource Balancing                        ; On                 ; On                 ;
; Ignore translate_off and synthesis_off directives                          ; Off                ; Off                ;
; Timing-Driven Synthesis                                                    ; Off                ; Off                ;
; Show Parameter Settings Tables in Synthesis Report                         ; On                 ; On                 ;
; Ignore Maximum Fan-Out Assignments                                         ; Off                ; Off                ;
; Synchronization Register Chain Length                                      ; 2                  ; 2                  ;
; PowerPlay Power Optimization                                               ; Normal compilation ; Normal compilation ;
; HDL message level                                                          ; Level2             ; Level2             ;
; Suppress Register Optimization Related Messages                            ; Off                ; Off                ;
; Number of Removed Registers Reported in Synthesis Report                   ; 5000               ; 5000               ;
; Number of Inverted Registers Reported in Synthesis Report                  ; 100                ; 100                ;
; Clock MUX Protection                                                       ; On                 ; On                 ;
; Auto Gated Clock Conversion                                                ; Off                ; Off                ;
; Block Design Naming                                                        ; Auto               ; Auto               ;
; SDC constraint protection                                                  ; Off                ; Off                ;
; Synthesis Effort                                                           ; Auto               ; Auto               ;
; Shift Register Replacement - Allow Asynchronous Clear Signal               ; On                 ; On                 ;
; Analysis & Synthesis Message Level                                         ; Medium             ; Medium             ;
; Disable Register Merging Across Hierarchies                                ; Auto               ; Auto               ;
; Resource Aware Inference For Block RAM                                     ; On                 ; On                 ;
+----------------------------------------------------------------------------+--------------------+--------------------+


Parallel compilation was disabled, but you have multiple processors available. Enable parallel compilation to reduce compilation time.
+-------------------------------------+
; Parallel Compilation                ;
+----------------------------+--------+
; Processors                 ; Number ;
+----------------------------+--------+
; Number detected on machine ; 4      ;
; Maximum allowed            ; 1      ;
+----------------------------+--------+


+----------------------------------------------------------------------------------------------------+
; Source assignments for Mem_Rom:inst|altsyncram:altsyncram_component|altsyncram_q671:auto_generated ;
+---------------------------------+--------------------+------+--------------------------------------+
; Assignment                      ; Value              ; From ; To                                   ;
+---------------------------------+--------------------+------+--------------------------------------+
; OPTIMIZE_POWER_DURING_SYNTHESIS ; NORMAL_COMPILATION ; -    ; -                                    ;
+---------------------------------+--------------------+------+--------------------------------------+


+-----------------------------------------------------------+
; Parameter Settings for User Entity Instance: Mem_Rom:inst ;
+-----------------+-------+---------------------------------+
; Parameter Name  ; Value ; Type                            ;
+-----------------+-------+---------------------------------+
; WIDTH_BYTEENA_A ; 1     ; Untyped                         ;
; WIDTH_BYTEENA_B ; 1     ; Untyped                         ;
+-----------------+-------+---------------------------------+
Note: In order to hide this table in the UI and the text report file, please set the "Show Parameter Settings Tables in Synthesis Report" option in "Analysis and Synthesis Settings -> More Settings" to "Off".


+-------------------------------------------------------------------------------------------+
; Parameter Settings for User Entity Instance: Mem_Rom:inst|altsyncram:altsyncram_component ;
+------------------------------------+----------------------+-------------------------------+
; Parameter Name                     ; Value                ; Type                          ;
+------------------------------------+----------------------+-------------------------------+
; BYTE_SIZE_BLOCK                    ; 8                    ; Untyped                       ;
; AUTO_CARRY_CHAINS                  ; ON                   ; AUTO_CARRY                    ;
; IGNORE_CARRY_BUFFERS               ; OFF                  ; IGNORE_CARRY                  ;
; AUTO_CASCADE_CHAINS                ; ON                   ; AUTO_CASCADE                  ;
; IGNORE_CASCADE_BUFFERS             ; OFF                  ; IGNORE_CASCADE                ;
; WIDTH_BYTEENA                      ; 1                    ; Untyped                       ;
; OPERATION_MODE                     ; ROM                  ; Untyped                       ;
; WIDTH_A                            ; 14                   ; Untyped                       ;
; WIDTHAD_A                          ; 12                   ; Untyped                       ;
; NUMWORDS_A                         ; 4096                 ; Untyped                       ;
; OUTDATA_REG_A                      ; CLOCK0               ; Untyped                       ;
; ADDRESS_ACLR_A                     ; NONE                 ; Untyped                       ;
; OUTDATA_ACLR_A                     ; NONE                 ; Untyped                       ;
; WRCONTROL_ACLR_A                   ; NONE                 ; Untyped                       ;
; INDATA_ACLR_A                      ; NONE                 ; Untyped                       ;
; BYTEENA_ACLR_A                     ; NONE                 ; Untyped                       ;
; WIDTH_B                            ; 1                    ; Untyped                       ;
; WIDTHAD_B                          ; 1                    ; Untyped                       ;
; NUMWORDS_B                         ; 1                    ; Untyped                       ;
; INDATA_REG_B                       ; CLOCK1               ; Untyped                       ;
; WRCONTROL_WRADDRESS_REG_B          ; CLOCK1               ; Untyped                       ;
; RDCONTROL_REG_B                    ; CLOCK1               ; Untyped                       ;
; ADDRESS_REG_B                      ; CLOCK1               ; Untyped                       ;
; OUTDATA_REG_B                      ; UNREGISTERED         ; Untyped                       ;
; BYTEENA_REG_B                      ; CLOCK1               ; Untyped                       ;
; INDATA_ACLR_B                      ; NONE                 ; Untyped                       ;
; WRCONTROL_ACLR_B                   ; NONE                 ; Untyped                       ;
; ADDRESS_ACLR_B                     ; NONE                 ; Untyped                       ;
; OUTDATA_ACLR_B                     ; NONE                 ; Untyped                       ;
; RDCONTROL_ACLR_B                   ; NONE                 ; Untyped                       ;
; BYTEENA_ACLR_B                     ; NONE                 ; Untyped                       ;
; WIDTH_BYTEENA_A                    ; 1                    ; Untyped                       ;
; WIDTH_BYTEENA_B                    ; 1                    ; Untyped                       ;
; RAM_BLOCK_TYPE                     ; AUTO                 ; Untyped                       ;
; BYTE_SIZE                          ; 8                    ; Untyped                       ;
; READ_DURING_WRITE_MODE_MIXED_PORTS ; DONT_CARE            ; Untyped                       ;
; READ_DURING_WRITE_MODE_PORT_A      ; NEW_DATA_NO_NBE_READ ; Untyped                       ;
; READ_DURING_WRITE_MODE_PORT_B      ; NEW_DATA_NO_NBE_READ ; Untyped                       ;
; INIT_FILE                          ; teste1.mif           ; Untyped                       ;
; INIT_FILE_LAYOUT                   ; PORT_A               ; Untyped                       ;
; MAXIMUM_DEPTH                      ; 0                    ; Untyped                       ;
; CLOCK_ENABLE_INPUT_A               ; BYPASS               ; Untyped                       ;
; CLOCK_ENABLE_INPUT_B               ; NORMAL               ; Untyped                       ;
; CLOCK_ENABLE_OUTPUT_A              ; BYPASS               ; Untyped                       ;
; CLOCK_ENABLE_OUTPUT_B              ; NORMAL               ; Untyped                       ;
; CLOCK_ENABLE_CORE_A                ; USE_INPUT_CLKEN      ; Untyped                       ;
; CLOCK_ENABLE_CORE_B                ; USE_INPUT_CLKEN      ; Untyped                       ;
; ENABLE_ECC                         ; FALSE                ; Untyped                       ;
; DEVICE_FAMILY                      ; Cyclone II           ; Untyped                       ;
; CBXI_PARAMETER                     ; altsyncram_q671      ; Untyped                       ;
+------------------------------------+----------------------+-------------------------------+
Note: In order to hide this table in the UI and the text report file, please set the "Show Parameter Settings Tables in Synthesis Report" option in "Analysis and Synthesis Settings -> More Settings" to "Off".


+------------------------------------------------------------+
; Parameter Settings for User Entity Instance: BUSMUX:inst10 ;
+----------------+-------+-----------------------------------+
; Parameter Name ; Value ; Type                              ;
+----------------+-------+-----------------------------------+
; WIDTH          ; 8     ; Untyped                           ;
+----------------+-------+-----------------------------------+
Note: In order to hide this table in the UI and the text report file, please set the "Show Parameter Settings Tables in Synthesis Report" option in "Analysis and Synthesis Settings -> More Settings" to "Off".


+------------------------------------------------------------+
; Parameter Settings for User Entity Instance: port_io:inst4 ;
+----------------+-----------+-------------------------------+
; Parameter Name ; Value     ; Type                          ;
+----------------+-----------+-------------------------------+
; port_addr      ; 000000100 ; Unsigned Binary               ;
; tris_addr      ; 000000101 ; Unsigned Binary               ;
; alt_port_addr  ; 000000110 ; Unsigned Binary               ;
; alt_tris_addr  ; 000000111 ; Unsigned Binary               ;
+----------------+-----------+-------------------------------+
Note: In order to hide this table in the UI and the text report file, please set the "Show Parameter Settings Tables in Synthesis Report" option in "Analysis and Synthesis Settings -> More Settings" to "Off".


+------------------------------------------------------------+
; Parameter Settings for User Entity Instance: port_io:PortA ;
+----------------+-----------+-------------------------------+
; Parameter Name ; Value     ; Type                          ;
+----------------+-----------+-------------------------------+
; port_addr      ; 000000101 ; Unsigned Binary               ;
; tris_addr      ; 000000101 ; Unsigned Binary               ;
; alt_port_addr  ; 000000110 ; Unsigned Binary               ;
; alt_tris_addr  ; 000000111 ; Unsigned Binary               ;
+----------------+-----------+-------------------------------+
Note: In order to hide this table in the UI and the text report file, please set the "Show Parameter Settings Tables in Synthesis Report" option in "Analysis and Synthesis Settings -> More Settings" to "Off".


+------------------------------------------------------------------------------------------+
; altsyncram Parameter Settings by Entity Instance                                         ;
+-------------------------------------------+----------------------------------------------+
; Name                                      ; Value                                        ;
+-------------------------------------------+----------------------------------------------+
; Number of entity instances                ; 1                                            ;
; Entity Instance                           ; Mem_Rom:inst|altsyncram:altsyncram_component ;
;     -- OPERATION_MODE                     ; ROM                                          ;
;     -- WIDTH_A                            ; 14                                           ;
;     -- NUMWORDS_A                         ; 4096                                         ;
;     -- OUTDATA_REG_A                      ; CLOCK0                                       ;
;     -- WIDTH_B                            ; 1                                            ;
;     -- NUMWORDS_B                         ; 1                                            ;
;     -- ADDRESS_REG_B                      ; CLOCK1                                       ;
;     -- OUTDATA_REG_B                      ; UNREGISTERED                                 ;
;     -- RAM_BLOCK_TYPE                     ; AUTO                                         ;
;     -- READ_DURING_WRITE_MODE_MIXED_PORTS ; DONT_CARE                                    ;
+-------------------------------------------+----------------------------------------------+


+-------------------------------+
; Analysis & Synthesis Messages ;
+-------------------------------+
Info: *******************************************************************
Info: Running Quartus II Analysis & Synthesis
    Info: Version 9.1 Build 350 03/24/2010 Service Pack 2 SJ Web Edition
    Info: Processing started: Wed Jun 15 17:06:06 2022
Info: Command: quartus_map --read_settings_files=on --write_settings_files=off Processador -c Processador
Info: Found 1 design units, including 1 entities, in source file mem_rom.tdf
    Info: Found entity 1: Mem_Rom
Info: Found 2 design units, including 1 entities, in source file /universidade/sistemas/trabalho final/w_reg/2_w_reg8.vhdl
    Info: Found design unit 1: W_reg8-arch1
    Info: Found entity 1: W_reg8
Info: Found 2 design units, including 1 entities, in source file /universidade/sistemas/trabalho final/ula/ula.vhd
    Info: Found design unit 1: ULA-arch
    Info: Found entity 1: ULA
Info: Found 2 design units, including 1 entities, in source file /universidade/sistemas/trabalho final/status_reg/status.vhd
    Info: Found design unit 1: Status-arch
    Info: Found entity 1: Status
Info: Found 2 design units, including 1 entities, in source file /universidade/sistemas/trabalho final/ram_mem/ram.vhd
    Info: Found design unit 1: RAM-arch
    Info: Found entity 1: RAM
Info: Found 2 design units, including 1 entities, in source file /universidade/sistemas/trabalho final/port_io/port_io.vhd
    Info: Found design unit 1: port_io-arch1
    Info: Found entity 1: port_io
Info: Found 2 design units, including 1 entities, in source file /universidade/sistemas/trabalho final/pc_reg/programcounter.vhd
    Info: Found design unit 1: ProgramCounter-arch
    Info: Found entity 1: ProgramCounter
Info: Found 2 design units, including 1 entities, in source file /universidade/sistemas/trabalho final/mux_proc/mux_proc.vhd
    Info: Found design unit 1: Mux_Proc-arch
    Info: Found entity 1: Mux_Proc
Info: Found 2 design units, including 1 entities, in source file /universidade/sistemas/trabalho final/fsr_reg/fsr.vhd
    Info: Found design unit 1: FSR-arch
    Info: Found entity 1: FSR
Info: Found 2 design units, including 1 entities, in source file processador.vhd
    Info: Found design unit 1: Processador_Fim-arch1
    Info: Found entity 1: Processador_Fim
Info: Found 1 design units, including 1 entities, in source file processador.bdf
    Info: Found entity 1: Processador
Info: Elaborating entity "Processador" for the top level hierarchy
Warning: Port "clk" of type W_reg8 and instance "inst9" is missing source signal
Info: Elaborating entity "Mem_Rom" for hierarchy "Mem_Rom:inst"
Info: Elaborating entity "altsyncram" for hierarchy "Mem_Rom:inst|altsyncram:altsyncram_component"
Info: Elaborated megafunction instantiation "Mem_Rom:inst|altsyncram:altsyncram_component"
Info: Instantiated megafunction "Mem_Rom:inst|altsyncram:altsyncram_component" with the following parameter:
    Info: Parameter "LPM_TYPE" = "altsyncram"
    Info: Parameter "LPM_HINT" = "ENABLE_RUNTIME_MOD=NO"
    Info: Parameter "INTENDED_DEVICE_FAMILY" = "Cyclone II"
    Info: Parameter "OPERATION_MODE" = "ROM"
    Info: Parameter "WIDTH_A" = "14"
    Info: Parameter "WIDTHAD_A" = "12"
    Info: Parameter "NUMWORDS_A" = "4096"
    Info: Parameter "OUTDATA_REG_A" = "CLOCK0"
    Info: Parameter "OUTDATA_ACLR_A" = "NONE"
    Info: Parameter "INIT_FILE" = "teste1.mif"
    Info: Parameter "WIDTH_BYTEENA_A" = "1"
    Info: Parameter "CLOCK_ENABLE_INPUT_A" = "BYPASS"
    Info: Parameter "CLOCK_ENABLE_OUTPUT_A" = "BYPASS"
Info: Found 1 design units, including 1 entities, in source file db/altsyncram_q671.tdf
    Info: Found entity 1: altsyncram_q671
Info: Elaborating entity "altsyncram_q671" for hierarchy "Mem_Rom:inst|altsyncram:altsyncram_component|altsyncram_q671:auto_generated"
Info: Elaborating entity "ProgramCounter" for hierarchy "ProgramCounter:inst3"
Info: Elaborating entity "FSR" for hierarchy "FSR:inst1"
Info: Elaborating entity "BUSMUX" for hierarchy "BUSMUX:inst10"
Info: Elaborated megafunction instantiation "BUSMUX:inst10"
Info: Instantiated megafunction "BUSMUX:inst10" with the following parameter:
    Info: Parameter "WIDTH" = "8"
Info: Elaborating entity "lpm_mux" for hierarchy "BUSMUX:inst10|lpm_mux:$00000"
Info: Elaborated megafunction instantiation "BUSMUX:inst10|lpm_mux:$00000", which is child of megafunction instantiation "BUSMUX:inst10"
Info: Found 1 design units, including 1 entities, in source file db/mux_smc.tdf
    Info: Found entity 1: mux_smc
Info: Elaborating entity "mux_smc" for hierarchy "BUSMUX:inst10|lpm_mux:$00000|mux_smc:auto_generated"
Info: Elaborating entity "Mux_Proc" for hierarchy "Mux_Proc:inst2"
Info: Elaborating entity "port_io" for hierarchy "port_io:inst4"
Warning (10631): VHDL Process Statement warning at port_io.vhd(26): inferring latch(es) for signal or variable "latch", which holds its previous value in one or more paths through the process
Info: Elaborating entity "RAM" for hierarchy "RAM:inst5"
Info: Elaborating entity "Status" for hierarchy "Status:inst7"
Info: Elaborating entity "ULA" for hierarchy "ULA:inst8"
Info: Elaborating entity "W_reg8" for hierarchy "W_reg8:inst9"
Info: Elaborating entity "port_io" for hierarchy "port_io:PortA"
Warning (10631): VHDL Process Statement warning at port_io.vhd(26): inferring latch(es) for signal or variable "latch", which holds its previous value in one or more paths through the process
Warning: Synthesized away the following node(s):
    Warning: Synthesized away the following RAM node(s):
        Warning (14320): Synthesized away node "Mem_Rom:inst|altsyncram:altsyncram_component|altsyncram_q671:auto_generated|q_a[0]"
        Warning (14320): Synthesized away node "Mem_Rom:inst|altsyncram:altsyncram_component|altsyncram_q671:auto_generated|q_a[1]"
        Warning (14320): Synthesized away node "Mem_Rom:inst|altsyncram:altsyncram_component|altsyncram_q671:auto_generated|q_a[2]"
        Warning (14320): Synthesized away node "Mem_Rom:inst|altsyncram:altsyncram_component|altsyncram_q671:auto_generated|q_a[3]"
        Warning (14320): Synthesized away node "Mem_Rom:inst|altsyncram:altsyncram_component|altsyncram_q671:auto_generated|q_a[4]"
        Warning (14320): Synthesized away node "Mem_Rom:inst|altsyncram:altsyncram_component|altsyncram_q671:auto_generated|q_a[5]"
        Warning (14320): Synthesized away node "Mem_Rom:inst|altsyncram:altsyncram_component|altsyncram_q671:auto_generated|q_a[6]"
        Warning (14320): Synthesized away node "Mem_Rom:inst|altsyncram:altsyncram_component|altsyncram_q671:auto_generated|q_a[7]"
        Warning (14320): Synthesized away node "Mem_Rom:inst|altsyncram:altsyncram_component|altsyncram_q671:auto_generated|q_a[8]"
        Warning (14320): Synthesized away node "Mem_Rom:inst|altsyncram:altsyncram_component|altsyncram_q671:auto_generated|q_a[9]"
        Warning (14320): Synthesized away node "Mem_Rom:inst|altsyncram:altsyncram_component|altsyncram_q671:auto_generated|q_a[10]"
        Warning (14320): Synthesized away node "Mem_Rom:inst|altsyncram:altsyncram_component|altsyncram_q671:auto_generated|q_a[11]"
        Warning (14320): Synthesized away node "Mem_Rom:inst|altsyncram:altsyncram_component|altsyncram_q671:auto_generated|q_a[12]"
        Warning (14320): Synthesized away node "Mem_Rom:inst|altsyncram:altsyncram_component|altsyncram_q671:auto_generated|q_a[13]"
Error: Can't synthesize current design -- Top partition does not contain any logic
Error: Quartus II Analysis & Synthesis was unsuccessful. 1 error, 19 warnings
    Error: Peak virtual memory: 249 megabytes
    Error: Processing ended: Wed Jun 15 17:06:11 2022
    Error: Elapsed time: 00:00:05
    Error: Total CPU time (on all processors): 00:00:03


